<?xml version="1.0" encoding="UTF-8"?>
<robot generator="Robot 4.0.3 (Python 3.9.5 on win32)" generated="20210606 12:41:13.420" rpa="false" schemaversion="2">
<suite id="s1" name="Tests" source="c:\qaninja\robot\segfy\tests">
<suite id="s1-s1" name="Cadastro Trial" source="c:\qaninja\robot\segfy\tests\cadastro_trial.robot">
<test id="s1-s1-t1" name="Cadastro de Usuario Trial">
<kw name="Nova seção" library="base" type="SETUP">
<kw name="Open Browser" library="SeleniumLibrary">
<arg>${url}</arg>
<arg>chrome</arg>
<doc>Opens a new browser instance to the optional ``url``.</doc>
<msg timestamp="20210606 12:41:14.829" level="INFO">Opening browser 'chrome' to base url 'https://homol-www.segfy.com/Experimente'.</msg>
<status status="PASS" starttime="20210606 12:41:14.829" endtime="20210606 12:41:25.448"/>
</kw>
<kw name="Maximize Browser Window" library="SeleniumLibrary">
<doc>Maximizes current browser window.</doc>
<status status="PASS" starttime="20210606 12:41:25.449" endtime="20210606 12:41:26.137"/>
</kw>
<status status="PASS" starttime="20210606 12:41:14.829" endtime="20210606 12:41:26.137"/>
</kw>
<kw name="Name" library="FakerLibrary">
<var>${nomefake}</var>
<doc>:example 'John Doe'</doc>
<msg timestamp="20210606 12:41:26.139" level="INFO">${nomefake} = Rafael Nascimento</msg>
<status status="PASS" starttime="20210606 12:41:26.138" endtime="20210606 12:41:26.139"/>
</kw>
<kw name="Email" library="FakerLibrary">
<var>${emailfake}</var>
<msg timestamp="20210606 12:41:26.142" level="INFO">${emailfake} = alexandre19@da.com</msg>
<status status="PASS" starttime="20210606 12:41:26.140" endtime="20210606 12:41:26.142"/>
</kw>
<kw name="Phone Number" library="FakerLibrary">
<var>${telefonefake}</var>
<msg timestamp="20210606 12:41:26.144" level="INFO">${telefonefake} = +55 41 4741-2939</msg>
<status status="PASS" starttime="20210606 12:41:26.143" endtime="20210606 12:41:26.144"/>
</kw>
<kw name="Name" library="FakerLibrary">
<var>${empresafake}</var>
<doc>:example 'John Doe'</doc>
<msg timestamp="20210606 12:41:26.146" level="INFO">${empresafake} = Pedro Lucas Monteiro</msg>
<status status="PASS" starttime="20210606 12:41:26.145" endtime="20210606 12:41:26.146"/>
</kw>
<kw name="Click Element" library="SeleniumLibrary">
<arg>id:hs-eu-confirmation-button</arg>
<doc>Click the element identified by ``locator``.</doc>
<msg timestamp="20210606 12:41:26.147" level="INFO">Clicking element 'id:hs-eu-confirmation-button'.</msg>
<status status="PASS" starttime="20210606 12:41:26.147" endtime="20210606 12:41:26.302"/>
</kw>
<kw name="Sleep" library="BuiltIn">
<arg>1</arg>
<doc>Pauses the test executed for the given time.</doc>
<msg timestamp="20210606 12:41:27.316" level="INFO">Slept 1 second</msg>
<status status="PASS" starttime="20210606 12:41:26.303" endtime="20210606 12:41:27.316"/>
</kw>
<kw name="Click Element" library="SeleniumLibrary">
<arg>class:hoverl_85b0</arg>
<doc>Click the element identified by ``locator``.</doc>
<msg timestamp="20210606 12:41:27.318" level="INFO">Clicking element 'class:hoverl_85b0'.</msg>
<status status="PASS" starttime="20210606 12:41:27.318" endtime="20210606 12:41:27.609"/>
</kw>
<kw name="Sleep" library="BuiltIn">
<arg>1</arg>
<doc>Pauses the test executed for the given time.</doc>
<msg timestamp="20210606 12:41:28.626" level="INFO">Slept 1 second</msg>
<status status="PASS" starttime="20210606 12:41:27.610" endtime="20210606 12:41:28.627"/>
</kw>
<kw name="Click Element" library="SeleniumLibrary">
<arg>id:jivo_close_button</arg>
<doc>Click the element identified by ``locator``.</doc>
<msg timestamp="20210606 12:41:28.629" level="INFO">Clicking element 'id:jivo_close_button'.</msg>
<status status="PASS" starttime="20210606 12:41:28.629" endtime="20210606 12:41:28.782"/>
</kw>
<kw name="Sleep" library="BuiltIn">
<arg>1</arg>
<doc>Pauses the test executed for the given time.</doc>
<msg timestamp="20210606 12:41:29.797" level="INFO">Slept 1 second</msg>
<status status="PASS" starttime="20210606 12:41:28.783" endtime="20210606 12:41:29.797"/>
</kw>
<kw name="Input Text" library="SeleniumLibrary">
<arg>id:cphMaster_cphMasterTemplate_txtNome</arg>
<arg>${nomefake}</arg>
<doc>Types the given ``text`` into the text field identified by ``locator``.</doc>
<msg timestamp="20210606 12:41:29.798" level="INFO">Typing text 'Rafael Nascimento' into text field 'id:cphMaster_cphMasterTemplate_txtNome'.</msg>
<status status="PASS" starttime="20210606 12:41:29.798" endtime="20210606 12:41:30.139"/>
</kw>
<kw name="Sleep" library="BuiltIn">
<arg>1</arg>
<doc>Pauses the test executed for the given time.</doc>
<msg timestamp="20210606 12:41:31.153" level="INFO">Slept 1 second</msg>
<status status="PASS" starttime="20210606 12:41:30.139" endtime="20210606 12:41:31.153"/>
</kw>
<kw name="Input Text" library="SeleniumLibrary">
<arg>id:cphMaster_cphMasterTemplate_txtEmail</arg>
<arg>${emailfake}</arg>
<doc>Types the given ``text`` into the text field identified by ``locator``.</doc>
<msg timestamp="20210606 12:41:31.153" level="INFO">Typing text 'alexandre19@da.com' into text field 'id:cphMaster_cphMasterTemplate_txtEmail'.</msg>
<status status="PASS" starttime="20210606 12:41:31.153" endtime="20210606 12:41:31.468"/>
</kw>
<kw name="Sleep" library="BuiltIn">
<arg>1</arg>
<doc>Pauses the test executed for the given time.</doc>
<msg timestamp="20210606 12:41:32.483" level="INFO">Slept 1 second</msg>
<status status="PASS" starttime="20210606 12:41:31.469" endtime="20210606 12:41:32.483"/>
</kw>
<kw name="Input Text" library="SeleniumLibrary">
<arg>id:cphMaster_cphMasterTemplate_txtTelefone</arg>
<arg>${telefonefake}</arg>
<doc>Types the given ``text`` into the text field identified by ``locator``.</doc>
<msg timestamp="20210606 12:41:32.486" level="INFO">Typing text '+55 41 4741-2939' into text field 'id:cphMaster_cphMasterTemplate_txtTelefone'.</msg>
<status status="PASS" starttime="20210606 12:41:32.485" endtime="20210606 12:41:32.816"/>
</kw>
<kw name="Sleep" library="BuiltIn">
<arg>1</arg>
<doc>Pauses the test executed for the given time.</doc>
<msg timestamp="20210606 12:41:33.833" level="INFO">Slept 1 second</msg>
<status status="PASS" starttime="20210606 12:41:32.818" endtime="20210606 12:41:33.833"/>
</kw>
<kw name="Input Text" library="SeleniumLibrary">
<arg>id:cphMaster_cphMasterTemplate_txtEmpresa</arg>
<arg>${empresafake}</arg>
<doc>Types the given ``text`` into the text field identified by ``locator``.</doc>
<msg timestamp="20210606 12:41:33.837" level="INFO">Typing text 'Pedro Lucas Monteiro' into text field 'id:cphMaster_cphMasterTemplate_txtEmpresa'.</msg>
<status status="PASS" starttime="20210606 12:41:33.833" endtime="20210606 12:41:34.132"/>
</kw>
<kw name="Sleep" library="BuiltIn">
<arg>1</arg>
<doc>Pauses the test executed for the given time.</doc>
<msg timestamp="20210606 12:41:35.147" level="INFO">Slept 1 second</msg>
<status status="PASS" starttime="20210606 12:41:34.133" endtime="20210606 12:41:35.147"/>
</kw>
<kw name="Click Element" library="SeleniumLibrary">
<arg>id:cphMaster_cphMasterTemplate_btnNextStep</arg>
<doc>Click the element identified by ``locator``.</doc>
<msg timestamp="20210606 12:41:35.149" level="INFO">Clicking element 'id:cphMaster_cphMasterTemplate_btnNextStep'.</msg>
<status status="PASS" starttime="20210606 12:41:35.149" endtime="20210606 12:41:35.449"/>
</kw>
<kw name="Sleep" library="BuiltIn">
<arg>5</arg>
<doc>Pauses the test executed for the given time.</doc>
<msg timestamp="20210606 12:41:40.464" level="INFO">Slept 5 seconds</msg>
<status status="PASS" starttime="20210606 12:41:35.450" endtime="20210606 12:41:40.464"/>
</kw>
<kw name="Select From List By Value" library="SeleniumLibrary">
<arg>id:cphMaster_cphMasterTemplate_ddlColaboradores</arg>
<arg>3</arg>
<doc>Selects options from selection list ``locator`` by ``values``.</doc>
<msg timestamp="20210606 12:41:40.464" level="INFO">Selecting options from selection list 'id:cphMaster_cphMasterTemplate_ddlColaboradores' by value 3.</msg>
<status status="PASS" starttime="20210606 12:41:40.464" endtime="20210606 12:41:40.652"/>
</kw>
<kw name="Get Selected List Label" library="SeleniumLibrary">
<var>${selecionado}</var>
<arg>id:cphMaster_cphMasterTemplate_ddlColaboradores</arg>
<doc>Returns the label of selected option from selection list ``locator``.</doc>
<msg timestamp="20210606 12:41:40.869" level="INFO">${selecionado} = 3 a 4 pessoas</msg>
<status status="PASS" starttime="20210606 12:41:40.653" endtime="20210606 12:41:40.869"/>
</kw>
<kw name="Should Be Equal" library="BuiltIn">
<arg>${selecionado}</arg>
<arg>3 a 4 pessoas</arg>
<doc>Fails if the given objects are unequal.</doc>
<status status="PASS" starttime="20210606 12:41:40.870" endtime="20210606 12:41:40.870"/>
</kw>
<kw name="Sleep" library="BuiltIn">
<arg>1</arg>
<doc>Pauses the test executed for the given time.</doc>
<msg timestamp="20210606 12:41:41.881" level="INFO">Slept 1 second</msg>
<status status="PASS" starttime="20210606 12:41:40.870" endtime="20210606 12:41:41.881"/>
</kw>
<kw name="Input Text" library="SeleniumLibrary">
<arg>id:cphMaster_cphMasterTemplate_txtLoginCorretora</arg>
<arg>${empresafake}</arg>
<doc>Types the given ``text`` into the text field identified by ``locator``.</doc>
<msg timestamp="20210606 12:41:41.885" level="INFO">Typing text 'Pedro Lucas Monteiro' into text field 'id:cphMaster_cphMasterTemplate_txtLoginCorretora'.</msg>
<status status="PASS" starttime="20210606 12:41:41.881" endtime="20210606 12:41:42.182"/>
</kw>
<kw name="Sleep" library="BuiltIn">
<arg>1</arg>
<doc>Pauses the test executed for the given time.</doc>
<msg timestamp="20210606 12:41:43.198" level="INFO">Slept 1 second</msg>
<status status="PASS" starttime="20210606 12:41:42.184" endtime="20210606 12:41:43.198"/>
</kw>
<kw name="Input Text" library="SeleniumLibrary">
<arg>id:cphMaster_cphMasterTemplate_txtSenha</arg>
<arg>123456</arg>
<doc>Types the given ``text`` into the text field identified by ``locator``.</doc>
<msg timestamp="20210606 12:41:43.199" level="INFO">Typing text '123456' into text field 'id:cphMaster_cphMasterTemplate_txtSenha'.</msg>
<status status="PASS" starttime="20210606 12:41:43.199" endtime="20210606 12:41:43.472"/>
</kw>
<kw name="Sleep" library="BuiltIn">
<arg>1</arg>
<doc>Pauses the test executed for the given time.</doc>
<msg timestamp="20210606 12:41:44.482" level="INFO">Slept 1 second</msg>
<status status="PASS" starttime="20210606 12:41:43.474" endtime="20210606 12:41:44.482"/>
</kw>
<kw name="Click Element" library="SeleniumLibrary">
<arg>id:cphMaster_cphMasterTemplate_btnIniciarAvaliacao</arg>
<doc>Click the element identified by ``locator``.</doc>
<msg timestamp="20210606 12:41:44.484" level="INFO">Clicking element 'id:cphMaster_cphMasterTemplate_btnIniciarAvaliacao'.</msg>
<status status="PASS" starttime="20210606 12:41:44.484" endtime="20210606 12:41:44.769"/>
</kw>
<kw name="Sleep" library="BuiltIn">
<arg>45</arg>
<doc>Pauses the test executed for the given time.</doc>
<msg timestamp="20210606 12:42:29.779" level="INFO">Slept 45 seconds</msg>
<status status="PASS" starttime="20210606 12:41:44.770" endtime="20210606 12:42:29.780"/>
</kw>
<kw name="Click Element" library="SeleniumLibrary">
<arg>class:close</arg>
<doc>Click the element identified by ``locator``.</doc>
<msg timestamp="20210606 12:42:29.783" level="INFO">Clicking element 'class:close'.</msg>
<status status="PASS" starttime="20210606 12:42:29.782" endtime="20210606 12:42:30.055"/>
</kw>
<kw name="Sleep" library="BuiltIn">
<arg>3</arg>
<doc>Pauses the test executed for the given time.</doc>
<msg timestamp="20210606 12:42:33.070" level="INFO">Slept 3 seconds</msg>
<status status="PASS" starttime="20210606 12:42:30.055" endtime="20210606 12:42:33.070"/>
</kw>
<kw name="Page Should Contain" library="SeleniumLibrary">
<arg>Bem vindo ao Segfy!</arg>
<doc>Verifies that current page contains ``text``.</doc>
<msg timestamp="20210606 12:42:33.119" level="INFO">Current page contains text 'Bem vindo ao Segfy!'.</msg>
<status status="PASS" starttime="20210606 12:42:33.071" endtime="20210606 12:42:33.119"/>
</kw>
<kw name="Encerra seção" library="base" type="TEARDOWN">
<kw name="Capture Page Screenshot" library="SeleniumLibrary">
<doc>Takes a screenshot of the current page and embeds it into a log file.</doc>
<msg timestamp="20210606 12:42:33.325" level="INFO" html="true">&lt;/td&gt;&lt;/tr&gt;&lt;tr&gt;&lt;td colspan="3"&gt;&lt;a href="selenium-screenshot-1.png"&gt;&lt;img src="selenium-screenshot-1.png" width="800px"&gt;&lt;/a&gt;</msg>
<status status="PASS" starttime="20210606 12:42:33.119" endtime="20210606 12:42:33.325"/>
</kw>
<kw name="Close Browser" library="SeleniumLibrary">
<doc>Closes the current browser.</doc>
<status status="PASS" starttime="20210606 12:42:33.326" endtime="20210606 12:42:35.697"/>
</kw>
<status status="PASS" starttime="20210606 12:42:33.119" endtime="20210606 12:42:35.699"/>
</kw>
<status status="PASS" starttime="20210606 12:41:14.827" endtime="20210606 12:42:35.700"/>
</test>
<status status="PASS" starttime="20210606 12:41:13.476" endtime="20210606 12:42:35.707"/>
</suite>
<suite id="s1-s2" name="Compra Assinatura" source="c:\qaninja\robot\segfy\tests\compra_assinatura.robot">
<test id="s1-s2-t1" name="Cadastro de Usuario Trial e compra da assinatura">
<kw name="Nova seção" library="base" type="SETUP">
<kw name="Open Browser" library="SeleniumLibrary">
<arg>${url}</arg>
<arg>chrome</arg>
<doc>Opens a new browser instance to the optional ``url``.</doc>
<msg timestamp="20210606 12:42:35.738" level="INFO">Opening browser 'chrome' to base url 'https://homol-www.segfy.com/Experimente'.</msg>
<status status="PASS" starttime="20210606 12:42:35.738" endtime="20210606 12:42:40.007"/>
</kw>
<kw name="Maximize Browser Window" library="SeleniumLibrary">
<doc>Maximizes current browser window.</doc>
<status status="PASS" starttime="20210606 12:42:40.007" endtime="20210606 12:42:40.505"/>
</kw>
<status status="PASS" starttime="20210606 12:42:35.737" endtime="20210606 12:42:40.506"/>
</kw>
<kw name="Name" library="FakerLibrary">
<var>${nomefake}</var>
<doc>:example 'John Doe'</doc>
<msg timestamp="20210606 12:42:40.507" level="INFO">${nomefake} = João Cardoso</msg>
<status status="PASS" starttime="20210606 12:42:40.506" endtime="20210606 12:42:40.507"/>
</kw>
<kw name="Email" library="FakerLibrary">
<var>${emailfake}</var>
<msg timestamp="20210606 12:42:40.509" level="INFO">${emailfake} = pedro03@bol.com.br</msg>
<status status="PASS" starttime="20210606 12:42:40.507" endtime="20210606 12:42:40.509"/>
</kw>
<kw name="Phone Number" library="FakerLibrary">
<var>${telefonefake}</var>
<msg timestamp="20210606 12:42:40.510" level="INFO">${telefonefake} = +55 (011) 6485 3802</msg>
<status status="PASS" starttime="20210606 12:42:40.510" endtime="20210606 12:42:40.510"/>
</kw>
<kw name="Name" library="FakerLibrary">
<var>${empresafake}</var>
<doc>:example 'John Doe'</doc>
<msg timestamp="20210606 12:42:40.511" level="INFO">${empresafake} = Beatriz Gonçalves</msg>
<status status="PASS" starttime="20210606 12:42:40.511" endtime="20210606 12:42:40.511"/>
</kw>
<kw name="Click Element" library="SeleniumLibrary">
<arg>id:hs-eu-confirmation-button</arg>
<doc>Click the element identified by ``locator``.</doc>
<msg timestamp="20210606 12:42:40.514" level="INFO">Clicking element 'id:hs-eu-confirmation-button'.</msg>
<status status="PASS" starttime="20210606 12:42:40.514" endtime="20210606 12:42:40.825"/>
</kw>
<kw name="Sleep" library="BuiltIn">
<arg>1</arg>
<doc>Pauses the test executed for the given time.</doc>
<msg timestamp="20210606 12:42:41.837" level="INFO">Slept 1 second</msg>
<status status="PASS" starttime="20210606 12:42:40.826" endtime="20210606 12:42:41.837"/>
</kw>
<kw name="Click Element" library="SeleniumLibrary">
<arg>class:hoverl_85b0</arg>
<doc>Click the element identified by ``locator``.</doc>
<msg timestamp="20210606 12:42:41.840" level="INFO">Clicking element 'class:hoverl_85b0'.</msg>
<status status="PASS" starttime="20210606 12:42:41.839" endtime="20210606 12:42:42.250"/>
</kw>
<kw name="Sleep" library="BuiltIn">
<arg>1</arg>
<doc>Pauses the test executed for the given time.</doc>
<msg timestamp="20210606 12:42:43.268" level="INFO">Slept 1 second</msg>
<status status="PASS" starttime="20210606 12:42:42.253" endtime="20210606 12:42:43.268"/>
</kw>
<kw name="Click Element" library="SeleniumLibrary">
<arg>id:jivo_close_button</arg>
<doc>Click the element identified by ``locator``.</doc>
<msg timestamp="20210606 12:42:43.268" level="INFO">Clicking element 'id:jivo_close_button'.</msg>
<status status="PASS" starttime="20210606 12:42:43.268" endtime="20210606 12:42:43.348"/>
</kw>
<kw name="Sleep" library="BuiltIn">
<arg>1</arg>
<doc>Pauses the test executed for the given time.</doc>
<msg timestamp="20210606 12:42:44.362" level="INFO">Slept 1 second</msg>
<status status="PASS" starttime="20210606 12:42:43.349" endtime="20210606 12:42:44.362"/>
</kw>
<kw name="Input Text" library="SeleniumLibrary">
<arg>id:cphMaster_cphMasterTemplate_txtNome</arg>
<arg>${nomefake}</arg>
<doc>Types the given ``text`` into the text field identified by ``locator``.</doc>
<msg timestamp="20210606 12:42:44.363" level="INFO">Typing text 'João Cardoso' into text field 'id:cphMaster_cphMasterTemplate_txtNome'.</msg>
<status status="PASS" starttime="20210606 12:42:44.362" endtime="20210606 12:42:44.473"/>
</kw>
<kw name="Sleep" library="BuiltIn">
<arg>1</arg>
<doc>Pauses the test executed for the given time.</doc>
<msg timestamp="20210606 12:42:45.489" level="INFO">Slept 1 second</msg>
<status status="PASS" starttime="20210606 12:42:44.473" endtime="20210606 12:42:45.489"/>
</kw>
<kw name="Input Text" library="SeleniumLibrary">
<arg>id:cphMaster_cphMasterTemplate_txtEmail</arg>
<arg>${emailfake}</arg>
<doc>Types the given ``text`` into the text field identified by ``locator``.</doc>
<msg timestamp="20210606 12:42:45.491" level="INFO">Typing text 'pedro03@bol.com.br' into text field 'id:cphMaster_cphMasterTemplate_txtEmail'.</msg>
<status status="PASS" starttime="20210606 12:42:45.490" endtime="20210606 12:42:45.723"/>
</kw>
<kw name="Sleep" library="BuiltIn">
<arg>1</arg>
<doc>Pauses the test executed for the given time.</doc>
<msg timestamp="20210606 12:42:46.735" level="INFO">Slept 1 second</msg>
<status status="PASS" starttime="20210606 12:42:45.723" endtime="20210606 12:42:46.735"/>
</kw>
<kw name="Input Text" library="SeleniumLibrary">
<arg>id:cphMaster_cphMasterTemplate_txtTelefone</arg>
<arg>${telefonefake}</arg>
<doc>Types the given ``text`` into the text field identified by ``locator``.</doc>
<msg timestamp="20210606 12:42:46.738" level="INFO">Typing text '+55 (011) 6485 3802' into text field 'id:cphMaster_cphMasterTemplate_txtTelefone'.</msg>
<status status="PASS" starttime="20210606 12:42:46.737" endtime="20210606 12:42:46.978"/>
</kw>
<kw name="Sleep" library="BuiltIn">
<arg>1</arg>
<doc>Pauses the test executed for the given time.</doc>
<msg timestamp="20210606 12:42:47.987" level="INFO">Slept 1 second</msg>
<status status="PASS" starttime="20210606 12:42:46.979" endtime="20210606 12:42:47.988"/>
</kw>
<kw name="Input Text" library="SeleniumLibrary">
<arg>id:cphMaster_cphMasterTemplate_txtEmpresa</arg>
<arg>${empresafake}</arg>
<doc>Types the given ``text`` into the text field identified by ``locator``.</doc>
<msg timestamp="20210606 12:42:47.989" level="INFO">Typing text 'Beatriz Gonçalves' into text field 'id:cphMaster_cphMasterTemplate_txtEmpresa'.</msg>
<status status="PASS" starttime="20210606 12:42:47.988" endtime="20210606 12:42:48.095"/>
</kw>
<kw name="Sleep" library="BuiltIn">
<arg>1</arg>
<doc>Pauses the test executed for the given time.</doc>
<msg timestamp="20210606 12:42:49.102" level="INFO">Slept 1 second</msg>
<status status="PASS" starttime="20210606 12:42:48.096" endtime="20210606 12:42:49.103"/>
</kw>
<kw name="Click Element" library="SeleniumLibrary">
<arg>id:cphMaster_cphMasterTemplate_btnNextStep</arg>
<doc>Click the element identified by ``locator``.</doc>
<msg timestamp="20210606 12:42:49.106" level="INFO">Clicking element 'id:cphMaster_cphMasterTemplate_btnNextStep'.</msg>
<status status="PASS" starttime="20210606 12:42:49.105" endtime="20210606 12:42:49.437"/>
</kw>
<kw name="Sleep" library="BuiltIn">
<arg>5</arg>
<doc>Pauses the test executed for the given time.</doc>
<msg timestamp="20210606 12:42:54.457" level="INFO">Slept 5 seconds</msg>
<status status="PASS" starttime="20210606 12:42:49.440" endtime="20210606 12:42:54.457"/>
</kw>
<kw name="Select From List By Value" library="SeleniumLibrary">
<arg>id:cphMaster_cphMasterTemplate_ddlColaboradores</arg>
<arg>3</arg>
<doc>Selects options from selection list ``locator`` by ``values``.</doc>
<msg timestamp="20210606 12:42:54.458" level="INFO">Selecting options from selection list 'id:cphMaster_cphMasterTemplate_ddlColaboradores' by value 3.</msg>
<status status="PASS" starttime="20210606 12:42:54.458" endtime="20210606 12:42:54.662"/>
</kw>
<kw name="Get Selected List Label" library="SeleniumLibrary">
<var>${selecionado}</var>
<arg>id:cphMaster_cphMasterTemplate_ddlColaboradores</arg>
<doc>Returns the label of selected option from selection list ``locator``.</doc>
<msg timestamp="20210606 12:42:54.870" level="INFO">${selecionado} = 3 a 4 pessoas</msg>
<status status="PASS" starttime="20210606 12:42:54.664" endtime="20210606 12:42:54.870"/>
</kw>
<kw name="Should Be Equal" library="BuiltIn">
<arg>${selecionado}</arg>
<arg>3 a 4 pessoas</arg>
<doc>Fails if the given objects are unequal.</doc>
<status status="PASS" starttime="20210606 12:42:54.870" endtime="20210606 12:42:54.870"/>
</kw>
<kw name="Sleep" library="BuiltIn">
<arg>1</arg>
<doc>Pauses the test executed for the given time.</doc>
<msg timestamp="20210606 12:42:55.890" level="INFO">Slept 1 second</msg>
<status status="PASS" starttime="20210606 12:42:54.874" endtime="20210606 12:42:55.890"/>
</kw>
<kw name="Input Text" library="SeleniumLibrary">
<arg>id:cphMaster_cphMasterTemplate_txtLoginCorretora</arg>
<arg>${empresafake}</arg>
<doc>Types the given ``text`` into the text field identified by ``locator``.</doc>
<msg timestamp="20210606 12:42:55.892" level="INFO">Typing text 'Beatriz Gonçalves' into text field 'id:cphMaster_cphMasterTemplate_txtLoginCorretora'.</msg>
<status status="PASS" starttime="20210606 12:42:55.892" endtime="20210606 12:42:56.184"/>
</kw>
<kw name="Sleep" library="BuiltIn">
<arg>1</arg>
<doc>Pauses the test executed for the given time.</doc>
<msg timestamp="20210606 12:42:57.199" level="INFO">Slept 1 second</msg>
<status status="PASS" starttime="20210606 12:42:56.185" endtime="20210606 12:42:57.199"/>
</kw>
<kw name="Input Text" library="SeleniumLibrary">
<arg>id:cphMaster_cphMasterTemplate_txtSenha</arg>
<arg>123456</arg>
<doc>Types the given ``text`` into the text field identified by ``locator``.</doc>
<msg timestamp="20210606 12:42:57.201" level="INFO">Typing text '123456' into text field 'id:cphMaster_cphMasterTemplate_txtSenha'.</msg>
<status status="PASS" starttime="20210606 12:42:57.201" endtime="20210606 12:42:57.448"/>
</kw>
<kw name="Sleep" library="BuiltIn">
<arg>1</arg>
<doc>Pauses the test executed for the given time.</doc>
<msg timestamp="20210606 12:42:58.453" level="INFO">Slept 1 second</msg>
<status status="PASS" starttime="20210606 12:42:57.451" endtime="20210606 12:42:58.453"/>
</kw>
<kw name="Click Element" library="SeleniumLibrary">
<arg>id:cphMaster_cphMasterTemplate_btnIniciarAvaliacao</arg>
<doc>Click the element identified by ``locator``.</doc>
<msg timestamp="20210606 12:42:58.456" level="INFO">Clicking element 'id:cphMaster_cphMasterTemplate_btnIniciarAvaliacao'.</msg>
<status status="PASS" starttime="20210606 12:42:58.455" endtime="20210606 12:42:58.713"/>
</kw>
<kw name="Sleep" library="BuiltIn">
<arg>45</arg>
<doc>Pauses the test executed for the given time.</doc>
<msg timestamp="20210606 12:43:43.729" level="INFO">Slept 45 seconds</msg>
<status status="PASS" starttime="20210606 12:42:58.714" endtime="20210606 12:43:43.729"/>
</kw>
<kw name="Click Element" library="SeleniumLibrary">
<arg>class:close</arg>
<doc>Click the element identified by ``locator``.</doc>
<msg timestamp="20210606 12:43:43.730" level="INFO">Clicking element 'class:close'.</msg>
<status status="PASS" starttime="20210606 12:43:43.730" endtime="20210606 12:43:43.985"/>
</kw>
<kw name="Sleep" library="BuiltIn">
<arg>3</arg>
<doc>Pauses the test executed for the given time.</doc>
<msg timestamp="20210606 12:43:46.990" level="INFO">Slept 3 seconds</msg>
<status status="PASS" starttime="20210606 12:43:43.987" endtime="20210606 12:43:46.990"/>
</kw>
<kw name="Page Should Contain" library="SeleniumLibrary">
<arg>Bem vindo ao Segfy!</arg>
<doc>Verifies that current page contains ``text``.</doc>
<msg timestamp="20210606 12:43:47.048" level="INFO">Current page contains text 'Bem vindo ao Segfy!'.</msg>
<status status="PASS" starttime="20210606 12:43:46.991" endtime="20210606 12:43:47.048"/>
</kw>
<kw name="Click Element" library="SeleniumLibrary">
<arg>class:link-assinar</arg>
<doc>Click the element identified by ``locator``.</doc>
<msg timestamp="20210606 12:43:47.052" level="INFO">Clicking element 'class:link-assinar'.</msg>
<status status="PASS" starttime="20210606 12:43:47.048" endtime="20210606 12:43:47.207"/>
</kw>
<kw name="Sleep" library="BuiltIn">
<arg>5</arg>
<doc>Pauses the test executed for the given time.</doc>
<msg timestamp="20210606 12:43:52.224" level="INFO">Slept 5 seconds</msg>
<status status="PASS" starttime="20210606 12:43:47.209" endtime="20210606 12:43:52.224"/>
</kw>
<kw name="Click Element" library="SeleniumLibrary">
<arg>//div[@class="col-sm-4"]//a[text()="Contratar agora!"</arg>
<doc>Click the element identified by ``locator``.</doc>
<msg timestamp="20210606 12:43:52.225" level="INFO">Clicking element '//div[@class="col-sm-4"]//a[text()="Contratar agora!"'.</msg>
<kw name="Capture Page Screenshot" library="SeleniumLibrary">
<doc>Takes a screenshot of the current page and embeds it into a log file.</doc>
<msg timestamp="20210606 12:43:52.533" level="INFO" html="true">&lt;/td&gt;&lt;/tr&gt;&lt;tr&gt;&lt;td colspan="3"&gt;&lt;a href="selenium-screenshot-2.png"&gt;&lt;img src="selenium-screenshot-2.png" width="800px"&gt;&lt;/a&gt;</msg>
<status status="PASS" starttime="20210606 12:43:52.286" endtime="20210606 12:43:52.533"/>
</kw>
<msg timestamp="20210606 12:43:52.664" level="FAIL">InvalidSelectorException: Message: invalid selector: Unable to locate an element with the xpath expression //div[@class="col-sm-4"]//a[text()="Contratar agora!" because of the following error:
SyntaxError: Failed to execute 'evaluate' on 'Document': The string '//div[@class="col-sm-4"]//a[text()="Contratar agora!"' is not a valid XPath expression.
  (Session info: chrome=91.0.4472.77)
</msg>
<status status="FAIL" starttime="20210606 12:43:52.225" endtime="20210606 12:43:52.664"/>
</kw>
<kw name="Sleep" library="BuiltIn">
<arg>5</arg>
<doc>Pauses the test executed for the given time.</doc>
<status status="NOT RUN" starttime="20210606 12:43:52.668" endtime="20210606 12:43:52.668"/>
</kw>
<kw name="Cpf" library="FakerLibrary">
<var>${cpffake}</var>
<status status="NOT RUN" starttime="20210606 12:43:52.669" endtime="20210606 12:43:52.669"/>
</kw>
<kw name="Input Text" library="SeleniumLibrary">
<arg>id:ContentPlaceHolderMaster_CphMasterAutenticado_informacoesCobranca_txtCpfCnpj</arg>
<arg>${cpffake}</arg>
<doc>Types the given ``text`` into the text field identified by ``locator``.</doc>
<status status="NOT RUN" starttime="20210606 12:43:52.669" endtime="20210606 12:43:52.669"/>
</kw>
<kw name="Sleep" library="BuiltIn">
<arg>1</arg>
<doc>Pauses the test executed for the given time.</doc>
<status status="NOT RUN" starttime="20210606 12:43:52.669" endtime="20210606 12:43:52.669"/>
</kw>
<kw name="Postcode" library="FakerLibrary">
<var>${cepfake}</var>
<doc>Randomly returns a postcode.
:param formatted: True to allow formatted postcodes, else False (default True)
:example formatted: '41224-212' '83992-291' '12324322'
:example raw: '43920231' '34239530'</doc>
<status status="NOT RUN" starttime="20210606 12:43:52.669" endtime="20210606 12:43:52.669"/>
</kw>
<kw name="Input Text" library="SeleniumLibrary">
<arg>id:ContentPlaceHolderMaster_CphMasterAutenticado_informacoesCobranca_txtCep</arg>
<arg>${cepfake}</arg>
<doc>Types the given ``text`` into the text field identified by ``locator``.</doc>
<status status="NOT RUN" starttime="20210606 12:43:52.669" endtime="20210606 12:43:52.669"/>
</kw>
<kw name="Sleep" library="BuiltIn">
<arg>1</arg>
<doc>Pauses the test executed for the given time.</doc>
<status status="NOT RUN" starttime="20210606 12:43:52.669" endtime="20210606 12:43:52.669"/>
</kw>
<kw name="Click Element" library="SeleniumLibrary">
<arg>id:ContentPlaceHolderMaster_CphMasterAutenticado_informacoesCobranca_txtEndereco</arg>
<doc>Click the element identified by ``locator``.</doc>
<status status="NOT RUN" starttime="20210606 12:43:52.673" endtime="20210606 12:43:52.673"/>
</kw>
<kw name="Sleep" library="BuiltIn">
<arg>5</arg>
<doc>Pauses the test executed for the given time.</doc>
<status status="NOT RUN" starttime="20210606 12:43:52.673" endtime="20210606 12:43:52.673"/>
</kw>
<kw name="Click Element" library="SeleniumLibrary">
<arg>id:ContentPlaceHolderMaster_CphMasterAutenticado_btnAssinar</arg>
<doc>Click the element identified by ``locator``.</doc>
<status status="NOT RUN" starttime="20210606 12:43:52.673" endtime="20210606 12:43:52.673"/>
</kw>
<kw name="Sleep" library="BuiltIn">
<arg>2</arg>
<doc>Pauses the test executed for the given time.</doc>
<status status="NOT RUN" starttime="20210606 12:43:52.673" endtime="20210606 12:43:52.673"/>
</kw>
<kw name="Page Should Not Contain" library="SeleniumLibrary">
<arg>Suas informações foram atualizadas</arg>
<doc>Verifies the current page does not contain ``text``.</doc>
<status status="NOT RUN" starttime="20210606 12:43:52.673" endtime="20210606 12:43:52.673"/>
</kw>
<kw name="Sleep" library="BuiltIn">
<arg>3</arg>
<doc>Pauses the test executed for the given time.</doc>
<status status="NOT RUN" starttime="20210606 12:43:52.677" endtime="20210606 12:43:52.677"/>
</kw>
<kw name="Encerra seção" library="base" type="TEARDOWN">
<kw name="Capture Page Screenshot" library="SeleniumLibrary">
<doc>Takes a screenshot of the current page and embeds it into a log file.</doc>
<msg timestamp="20210606 12:43:52.948" level="INFO" html="true">&lt;/td&gt;&lt;/tr&gt;&lt;tr&gt;&lt;td colspan="3"&gt;&lt;a href="selenium-screenshot-3.png"&gt;&lt;img src="selenium-screenshot-3.png" width="800px"&gt;&lt;/a&gt;</msg>
<status status="PASS" starttime="20210606 12:43:52.677" endtime="20210606 12:43:52.948"/>
</kw>
<kw name="Close Browser" library="SeleniumLibrary">
<doc>Closes the current browser.</doc>
<status status="PASS" starttime="20210606 12:43:52.948" endtime="20210606 12:43:55.346"/>
</kw>
<status status="PASS" starttime="20210606 12:43:52.677" endtime="20210606 12:43:55.347"/>
</kw>
<status status="FAIL" starttime="20210606 12:42:35.735" endtime="20210606 12:43:55.349">InvalidSelectorException: Message: invalid selector: Unable to locate an element with the xpath expression //div[@class="col-sm-4"]//a[text()="Contratar agora!" because of the following error:
SyntaxError: Failed to execute 'evaluate' on 'Document': The string '//div[@class="col-sm-4"]//a[text()="Contratar agora!"' is not a valid XPath expression.
  (Session info: chrome=91.0.4472.77)
</status>
</test>
<status status="FAIL" starttime="20210606 12:42:35.717" endtime="20210606 12:43:55.361"/>
</suite>
<status status="FAIL" starttime="20210606 12:41:13.422" endtime="20210606 12:43:55.371"/>
</suite>
<statistics>
<total>
<stat pass="1" fail="1" skip="0">All Tests</stat>
</total>
<tag>
</tag>
<suite>
<stat pass="1" fail="1" skip="0" id="s1" name="Tests">Tests</stat>
<stat pass="1" fail="0" skip="0" id="s1-s1" name="Cadastro Trial">Tests.Cadastro Trial</stat>
<stat pass="0" fail="1" skip="0" id="s1-s2" name="Compra Assinatura">Tests.Compra Assinatura</stat>
</suite>
</statistics>
<errors>
</errors>
</robot>
