<?xml version="1.0" encoding="UTF-8"?>
<robot generator="Robot 4.0.3 (Python 3.9.5 on win32)" generated="20210606 15:27:26.995" rpa="false" schemaversion="2">
<suite id="s1" name="Tests" source="c:\robot\segfy\tests">
<suite id="s1-s1" name="Cadastro Trial" source="c:\robot\segfy\tests\cadastro_trial.robot">
<test id="s1-s1-t1" name="Cadastro de Usuario Trial">
<kw name="Nova seção" library="base" type="SETUP">
<kw name="Open Browser" library="SeleniumLibrary">
<arg>${url}</arg>
<arg>chrome</arg>
<doc>Opens a new browser instance to the optional ``url``.</doc>
<msg timestamp="20210606 15:27:28.588" level="INFO">Opening browser 'chrome' to base url 'https://homol-www.segfy.com/Experimente'.</msg>
<status status="PASS" starttime="20210606 15:27:28.588" endtime="20210606 15:27:37.243"/>
</kw>
<kw name="Maximize Browser Window" library="SeleniumLibrary">
<doc>Maximizes current browser window.</doc>
<status status="PASS" starttime="20210606 15:27:37.244" endtime="20210606 15:27:37.431"/>
</kw>
<status status="PASS" starttime="20210606 15:27:28.587" endtime="20210606 15:27:37.434"/>
</kw>
<kw name="Name" library="FakerLibrary">
<var>${nomefake}</var>
<doc>:example 'John Doe'</doc>
<msg timestamp="20210606 15:27:37.441" level="INFO">${nomefake} = Mirella Oliveira</msg>
<status status="PASS" starttime="20210606 15:27:37.439" endtime="20210606 15:27:37.442"/>
</kw>
<kw name="Email" library="FakerLibrary">
<var>${emailfake}</var>
<msg timestamp="20210606 15:27:37.452" level="INFO">${emailfake} = thales49@ig.com.br</msg>
<status status="PASS" starttime="20210606 15:27:37.447" endtime="20210606 15:27:37.453"/>
</kw>
<kw name="Phone Number" library="FakerLibrary">
<var>${telefonefake}</var>
<msg timestamp="20210606 15:27:37.460" level="INFO">${telefonefake} = +55 (031) 0092-8730</msg>
<status status="PASS" starttime="20210606 15:27:37.457" endtime="20210606 15:27:37.461"/>
</kw>
<kw name="Name" library="FakerLibrary">
<var>${empresafake}</var>
<doc>:example 'John Doe'</doc>
<msg timestamp="20210606 15:27:37.469" level="INFO">${empresafake} = Thales Duarte</msg>
<status status="PASS" starttime="20210606 15:27:37.465" endtime="20210606 15:27:37.469"/>
</kw>
<kw name="Click Element" library="SeleniumLibrary">
<arg>id:hs-eu-confirmation-button</arg>
<doc>Click the element identified by ``locator``.</doc>
<msg timestamp="20210606 15:27:37.476" level="INFO">Clicking element 'id:hs-eu-confirmation-button'.</msg>
<status status="PASS" starttime="20210606 15:27:37.471" endtime="20210606 15:27:38.154"/>
</kw>
<kw name="Sleep" library="BuiltIn">
<arg>1</arg>
<doc>Pauses the test executed for the given time.</doc>
<msg timestamp="20210606 15:27:39.163" level="INFO">Slept 1 second</msg>
<status status="PASS" starttime="20210606 15:27:38.155" endtime="20210606 15:27:39.163"/>
</kw>
<kw name="Click Element" library="SeleniumLibrary">
<arg>class:hoverl_85b0</arg>
<doc>Click the element identified by ``locator``.</doc>
<msg timestamp="20210606 15:27:39.166" level="INFO">Clicking element 'class:hoverl_85b0'.</msg>
<status status="PASS" starttime="20210606 15:27:39.165" endtime="20210606 15:27:39.567"/>
</kw>
<kw name="Sleep" library="BuiltIn">
<arg>1</arg>
<doc>Pauses the test executed for the given time.</doc>
<msg timestamp="20210606 15:27:40.569" level="INFO">Slept 1 second</msg>
<status status="PASS" starttime="20210606 15:27:39.568" endtime="20210606 15:27:40.569"/>
</kw>
<kw name="Click Element" library="SeleniumLibrary">
<arg>id:jivo_close_button</arg>
<doc>Click the element identified by ``locator``.</doc>
<msg timestamp="20210606 15:27:40.573" level="INFO">Clicking element 'id:jivo_close_button'.</msg>
<status status="PASS" starttime="20210606 15:27:40.573" endtime="20210606 15:27:40.717"/>
</kw>
<kw name="Sleep" library="BuiltIn">
<arg>1</arg>
<doc>Pauses the test executed for the given time.</doc>
<msg timestamp="20210606 15:27:41.735" level="INFO">Slept 1 second</msg>
<status status="PASS" starttime="20210606 15:27:40.718" endtime="20210606 15:27:41.735"/>
</kw>
<kw name="Input Text" library="SeleniumLibrary">
<arg>id:cphMaster_cphMasterTemplate_txtNome</arg>
<arg>${nomefake}</arg>
<doc>Types the given ``text`` into the text field identified by ``locator``.</doc>
<msg timestamp="20210606 15:27:41.736" level="INFO">Typing text 'Mirella Oliveira' into text field 'id:cphMaster_cphMasterTemplate_txtNome'.</msg>
<status status="PASS" starttime="20210606 15:27:41.736" endtime="20210606 15:27:41.899"/>
</kw>
<kw name="Sleep" library="BuiltIn">
<arg>1</arg>
<doc>Pauses the test executed for the given time.</doc>
<msg timestamp="20210606 15:27:42.914" level="INFO">Slept 1 second</msg>
<status status="PASS" starttime="20210606 15:27:41.900" endtime="20210606 15:27:42.915"/>
</kw>
<kw name="Input Text" library="SeleniumLibrary">
<arg>id:cphMaster_cphMasterTemplate_txtEmail</arg>
<arg>${emailfake}</arg>
<doc>Types the given ``text`` into the text field identified by ``locator``.</doc>
<msg timestamp="20210606 15:27:42.918" level="INFO">Typing text 'thales49@ig.com.br' into text field 'id:cphMaster_cphMasterTemplate_txtEmail'.</msg>
<status status="PASS" starttime="20210606 15:27:42.916" endtime="20210606 15:27:43.214"/>
</kw>
<kw name="Sleep" library="BuiltIn">
<arg>1</arg>
<doc>Pauses the test executed for the given time.</doc>
<msg timestamp="20210606 15:27:44.225" level="INFO">Slept 1 second</msg>
<status status="PASS" starttime="20210606 15:27:43.216" endtime="20210606 15:27:44.226"/>
</kw>
<kw name="Input Text" library="SeleniumLibrary">
<arg>id:cphMaster_cphMasterTemplate_txtTelefone</arg>
<arg>${telefonefake}</arg>
<doc>Types the given ``text`` into the text field identified by ``locator``.</doc>
<msg timestamp="20210606 15:27:44.229" level="INFO">Typing text '+55 (031) 0092-8730' into text field 'id:cphMaster_cphMasterTemplate_txtTelefone'.</msg>
<status status="PASS" starttime="20210606 15:27:44.228" endtime="20210606 15:27:44.610"/>
</kw>
<kw name="Sleep" library="BuiltIn">
<arg>1</arg>
<doc>Pauses the test executed for the given time.</doc>
<msg timestamp="20210606 15:27:45.627" level="INFO">Slept 1 second</msg>
<status status="PASS" starttime="20210606 15:27:44.612" endtime="20210606 15:27:45.627"/>
</kw>
<kw name="Input Text" library="SeleniumLibrary">
<arg>id:cphMaster_cphMasterTemplate_txtEmpresa</arg>
<arg>${empresafake}</arg>
<doc>Types the given ``text`` into the text field identified by ``locator``.</doc>
<msg timestamp="20210606 15:27:45.632" level="INFO">Typing text 'Thales Duarte' into text field 'id:cphMaster_cphMasterTemplate_txtEmpresa'.</msg>
<status status="PASS" starttime="20210606 15:27:45.631" endtime="20210606 15:27:45.937"/>
</kw>
<kw name="Sleep" library="BuiltIn">
<arg>1</arg>
<doc>Pauses the test executed for the given time.</doc>
<msg timestamp="20210606 15:27:46.946" level="INFO">Slept 1 second</msg>
<status status="PASS" starttime="20210606 15:27:45.939" endtime="20210606 15:27:46.947"/>
</kw>
<kw name="Click Element" library="SeleniumLibrary">
<arg>id:cphMaster_cphMasterTemplate_btnNextStep</arg>
<doc>Click the element identified by ``locator``.</doc>
<msg timestamp="20210606 15:27:46.949" level="INFO">Clicking element 'id:cphMaster_cphMasterTemplate_btnNextStep'.</msg>
<status status="PASS" starttime="20210606 15:27:46.948" endtime="20210606 15:27:47.343"/>
</kw>
<kw name="Sleep" library="BuiltIn">
<arg>5</arg>
<doc>Pauses the test executed for the given time.</doc>
<msg timestamp="20210606 15:27:52.351" level="INFO">Slept 5 seconds</msg>
<status status="PASS" starttime="20210606 15:27:47.345" endtime="20210606 15:27:52.352"/>
</kw>
<kw name="Select From List By Value" library="SeleniumLibrary">
<arg>id:cphMaster_cphMasterTemplate_ddlColaboradores</arg>
<arg>3</arg>
<doc>Selects options from selection list ``locator`` by ``values``.</doc>
<msg timestamp="20210606 15:27:52.355" level="INFO">Selecting options from selection list 'id:cphMaster_cphMasterTemplate_ddlColaboradores' by value 3.</msg>
<status status="PASS" starttime="20210606 15:27:52.354" endtime="20210606 15:27:52.583"/>
</kw>
<kw name="Get Selected List Label" library="SeleniumLibrary">
<var>${selecionado}</var>
<arg>id:cphMaster_cphMasterTemplate_ddlColaboradores</arg>
<doc>Returns the label of selected option from selection list ``locator``.</doc>
<msg timestamp="20210606 15:27:52.831" level="INFO">${selecionado} = 3 a 4 pessoas</msg>
<status status="PASS" starttime="20210606 15:27:52.585" endtime="20210606 15:27:52.831"/>
</kw>
<kw name="Should Be Equal" library="BuiltIn">
<arg>${selecionado}</arg>
<arg>3 a 4 pessoas</arg>
<doc>Fails if the given objects are unequal.</doc>
<status status="PASS" starttime="20210606 15:27:52.833" endtime="20210606 15:27:52.834"/>
</kw>
<kw name="Sleep" library="BuiltIn">
<arg>1</arg>
<doc>Pauses the test executed for the given time.</doc>
<msg timestamp="20210606 15:27:53.838" level="INFO">Slept 1 second</msg>
<status status="PASS" starttime="20210606 15:27:52.835" endtime="20210606 15:27:53.838"/>
</kw>
<kw name="Input Text" library="SeleniumLibrary">
<arg>id:cphMaster_cphMasterTemplate_txtLoginCorretora</arg>
<arg>${empresafake}</arg>
<doc>Types the given ``text`` into the text field identified by ``locator``.</doc>
<msg timestamp="20210606 15:27:53.842" level="INFO">Typing text 'Thales Duarte' into text field 'id:cphMaster_cphMasterTemplate_txtLoginCorretora'.</msg>
<status status="PASS" starttime="20210606 15:27:53.840" endtime="20210606 15:27:54.174"/>
</kw>
<kw name="Sleep" library="BuiltIn">
<arg>1</arg>
<doc>Pauses the test executed for the given time.</doc>
<msg timestamp="20210606 15:27:55.177" level="INFO">Slept 1 second</msg>
<status status="PASS" starttime="20210606 15:27:54.176" endtime="20210606 15:27:55.178"/>
</kw>
<kw name="Input Text" library="SeleniumLibrary">
<arg>id:cphMaster_cphMasterTemplate_txtSenha</arg>
<arg>123456</arg>
<doc>Types the given ``text`` into the text field identified by ``locator``.</doc>
<msg timestamp="20210606 15:27:55.181" level="INFO">Typing text '123456' into text field 'id:cphMaster_cphMasterTemplate_txtSenha'.</msg>
<status status="PASS" starttime="20210606 15:27:55.179" endtime="20210606 15:27:55.468"/>
</kw>
<kw name="Sleep" library="BuiltIn">
<arg>1</arg>
<doc>Pauses the test executed for the given time.</doc>
<msg timestamp="20210606 15:27:56.471" level="INFO">Slept 1 second</msg>
<status status="PASS" starttime="20210606 15:27:55.469" endtime="20210606 15:27:56.471"/>
</kw>
<kw name="Click Element" library="SeleniumLibrary">
<arg>id:cphMaster_cphMasterTemplate_btnIniciarAvaliacao</arg>
<doc>Click the element identified by ``locator``.</doc>
<msg timestamp="20210606 15:27:56.475" level="INFO">Clicking element 'id:cphMaster_cphMasterTemplate_btnIniciarAvaliacao'.</msg>
<status status="PASS" starttime="20210606 15:27:56.473" endtime="20210606 15:27:56.798"/>
</kw>
<kw name="Sleep" library="BuiltIn">
<arg>45</arg>
<doc>Pauses the test executed for the given time.</doc>
<msg timestamp="20210606 15:28:41.813" level="INFO">Slept 45 seconds</msg>
<status status="PASS" starttime="20210606 15:27:56.803" endtime="20210606 15:28:41.814"/>
</kw>
<kw name="Click Element" library="SeleniumLibrary">
<arg>class:close</arg>
<doc>Click the element identified by ``locator``.</doc>
<msg timestamp="20210606 15:28:41.818" level="INFO">Clicking element 'class:close'.</msg>
<status status="PASS" starttime="20210606 15:28:41.815" endtime="20210606 15:28:42.092"/>
</kw>
<kw name="Sleep" library="BuiltIn">
<arg>3</arg>
<doc>Pauses the test executed for the given time.</doc>
<msg timestamp="20210606 15:28:45.102" level="INFO">Slept 3 seconds</msg>
<status status="PASS" starttime="20210606 15:28:42.093" endtime="20210606 15:28:45.103"/>
</kw>
<kw name="Page Should Contain" library="SeleniumLibrary">
<arg>Bem vindo ao Segfy!</arg>
<doc>Verifies that current page contains ``text``.</doc>
<msg timestamp="20210606 15:28:45.164" level="INFO">Current page contains text 'Bem vindo ao Segfy!'.</msg>
<status status="PASS" starttime="20210606 15:28:45.105" endtime="20210606 15:28:45.164"/>
</kw>
<kw name="Encerra seção" library="base" type="TEARDOWN">
<kw name="Capture Page Screenshot" library="SeleniumLibrary">
<doc>Takes a screenshot of the current page and embeds it into a log file.</doc>
<msg timestamp="20210606 15:28:45.386" level="INFO" html="true">&lt;/td&gt;&lt;/tr&gt;&lt;tr&gt;&lt;td colspan="3"&gt;&lt;a href="selenium-screenshot-1.png"&gt;&lt;img src="selenium-screenshot-1.png" width="800px"&gt;&lt;/a&gt;</msg>
<status status="PASS" starttime="20210606 15:28:45.168" endtime="20210606 15:28:45.386"/>
</kw>
<kw name="Close Browser" library="SeleniumLibrary">
<doc>Closes the current browser.</doc>
<status status="PASS" starttime="20210606 15:28:45.387" endtime="20210606 15:28:47.816"/>
</kw>
<status status="PASS" starttime="20210606 15:28:45.166" endtime="20210606 15:28:47.816"/>
</kw>
<status status="PASS" starttime="20210606 15:27:28.586" endtime="20210606 15:28:47.818"/>
</test>
<status status="PASS" starttime="20210606 15:27:27.100" endtime="20210606 15:28:47.826"/>
</suite>
<suite id="s1-s2" name="Compra Assinatura" source="c:\robot\segfy\tests\compra_assinatura.robot">
<test id="s1-s2-t1" name="Cadastro de Usuario Trial e compra da assinatura">
<kw name="Nova seção" library="base" type="SETUP">
<kw name="Open Browser" library="SeleniumLibrary">
<arg>${url}</arg>
<arg>chrome</arg>
<doc>Opens a new browser instance to the optional ``url``.</doc>
<msg timestamp="20210606 15:28:47.860" level="INFO">Opening browser 'chrome' to base url 'https://homol-www.segfy.com/Experimente'.</msg>
<status status="PASS" starttime="20210606 15:28:47.859" endtime="20210606 15:28:56.687"/>
</kw>
<kw name="Maximize Browser Window" library="SeleniumLibrary">
<doc>Maximizes current browser window.</doc>
<status status="PASS" starttime="20210606 15:28:56.688" endtime="20210606 15:28:56.899"/>
</kw>
<status status="PASS" starttime="20210606 15:28:47.857" endtime="20210606 15:28:56.900"/>
</kw>
<kw name="Name" library="FakerLibrary">
<var>${nomefake}</var>
<doc>:example 'John Doe'</doc>
<msg timestamp="20210606 15:28:56.905" level="INFO">${nomefake} = Enrico Barros</msg>
<status status="PASS" starttime="20210606 15:28:56.904" endtime="20210606 15:28:56.905"/>
</kw>
<kw name="Email" library="FakerLibrary">
<var>${emailfake}</var>
<msg timestamp="20210606 15:28:56.920" level="INFO">${emailfake} = luccada-mata@martins.br</msg>
<status status="PASS" starttime="20210606 15:28:56.915" endtime="20210606 15:28:56.921"/>
</kw>
<kw name="Phone Number" library="FakerLibrary">
<var>${telefonefake}</var>
<msg timestamp="20210606 15:28:56.924" level="INFO">${telefonefake} = +55 61 6283-8115</msg>
<status status="PASS" starttime="20210606 15:28:56.922" endtime="20210606 15:28:56.925"/>
</kw>
<kw name="Name" library="FakerLibrary">
<var>${empresafake}</var>
<doc>:example 'John Doe'</doc>
<msg timestamp="20210606 15:28:56.930" level="INFO">${empresafake} = Noah Ramos</msg>
<status status="PASS" starttime="20210606 15:28:56.928" endtime="20210606 15:28:56.931"/>
</kw>
<kw name="Click Element" library="SeleniumLibrary">
<arg>id:hs-eu-confirmation-button</arg>
<doc>Click the element identified by ``locator``.</doc>
<msg timestamp="20210606 15:28:56.938" level="INFO">Clicking element 'id:hs-eu-confirmation-button'.</msg>
<status status="PASS" starttime="20210606 15:28:56.935" endtime="20210606 15:28:57.648"/>
</kw>
<kw name="Sleep" library="BuiltIn">
<arg>1</arg>
<doc>Pauses the test executed for the given time.</doc>
<msg timestamp="20210606 15:28:58.655" level="INFO">Slept 1 second</msg>
<status status="PASS" starttime="20210606 15:28:57.648" endtime="20210606 15:28:58.655"/>
</kw>
<kw name="Click Element" library="SeleniumLibrary">
<arg>class:hoverl_85b0</arg>
<doc>Click the element identified by ``locator``.</doc>
<msg timestamp="20210606 15:28:58.658" level="INFO">Clicking element 'class:hoverl_85b0'.</msg>
<status status="PASS" starttime="20210606 15:28:58.657" endtime="20210606 15:28:59.036"/>
</kw>
<kw name="Sleep" library="BuiltIn">
<arg>1</arg>
<doc>Pauses the test executed for the given time.</doc>
<msg timestamp="20210606 15:29:00.046" level="INFO">Slept 1 second</msg>
<status status="PASS" starttime="20210606 15:28:59.039" endtime="20210606 15:29:00.046"/>
</kw>
<kw name="Click Element" library="SeleniumLibrary">
<arg>id:jivo_close_button</arg>
<doc>Click the element identified by ``locator``.</doc>
<msg timestamp="20210606 15:29:00.049" level="INFO">Clicking element 'id:jivo_close_button'.</msg>
<status status="PASS" starttime="20210606 15:29:00.048" endtime="20210606 15:29:00.209"/>
</kw>
<kw name="Sleep" library="BuiltIn">
<arg>1</arg>
<doc>Pauses the test executed for the given time.</doc>
<msg timestamp="20210606 15:29:01.221" level="INFO">Slept 1 second</msg>
<status status="PASS" starttime="20210606 15:29:00.212" endtime="20210606 15:29:01.221"/>
</kw>
<kw name="Input Text" library="SeleniumLibrary">
<arg>id:cphMaster_cphMasterTemplate_txtNome</arg>
<arg>${nomefake}</arg>
<doc>Types the given ``text`` into the text field identified by ``locator``.</doc>
<msg timestamp="20210606 15:29:01.224" level="INFO">Typing text 'Enrico Barros' into text field 'id:cphMaster_cphMasterTemplate_txtNome'.</msg>
<status status="PASS" starttime="20210606 15:29:01.223" endtime="20210606 15:29:01.497"/>
</kw>
<kw name="Sleep" library="BuiltIn">
<arg>1</arg>
<doc>Pauses the test executed for the given time.</doc>
<msg timestamp="20210606 15:29:02.505" level="INFO">Slept 1 second</msg>
<status status="PASS" starttime="20210606 15:29:01.497" endtime="20210606 15:29:02.506"/>
</kw>
<kw name="Input Text" library="SeleniumLibrary">
<arg>id:cphMaster_cphMasterTemplate_txtEmail</arg>
<arg>${emailfake}</arg>
<doc>Types the given ``text`` into the text field identified by ``locator``.</doc>
<msg timestamp="20210606 15:29:02.508" level="INFO">Typing text 'luccada-mata@martins.br' into text field 'id:cphMaster_cphMasterTemplate_txtEmail'.</msg>
<status status="PASS" starttime="20210606 15:29:02.507" endtime="20210606 15:29:02.891"/>
</kw>
<kw name="Sleep" library="BuiltIn">
<arg>1</arg>
<doc>Pauses the test executed for the given time.</doc>
<msg timestamp="20210606 15:29:03.902" level="INFO">Slept 1 second</msg>
<status status="PASS" starttime="20210606 15:29:02.892" endtime="20210606 15:29:03.902"/>
</kw>
<kw name="Input Text" library="SeleniumLibrary">
<arg>id:cphMaster_cphMasterTemplate_txtTelefone</arg>
<arg>${telefonefake}</arg>
<doc>Types the given ``text`` into the text field identified by ``locator``.</doc>
<msg timestamp="20210606 15:29:03.905" level="INFO">Typing text '+55 61 6283-8115' into text field 'id:cphMaster_cphMasterTemplate_txtTelefone'.</msg>
<status status="PASS" starttime="20210606 15:29:03.904" endtime="20210606 15:29:04.265"/>
</kw>
<kw name="Sleep" library="BuiltIn">
<arg>1</arg>
<doc>Pauses the test executed for the given time.</doc>
<msg timestamp="20210606 15:29:05.269" level="INFO">Slept 1 second</msg>
<status status="PASS" starttime="20210606 15:29:04.267" endtime="20210606 15:29:05.270"/>
</kw>
<kw name="Input Text" library="SeleniumLibrary">
<arg>id:cphMaster_cphMasterTemplate_txtEmpresa</arg>
<arg>${empresafake}</arg>
<doc>Types the given ``text`` into the text field identified by ``locator``.</doc>
<msg timestamp="20210606 15:29:05.275" level="INFO">Typing text 'Noah Ramos' into text field 'id:cphMaster_cphMasterTemplate_txtEmpresa'.</msg>
<status status="PASS" starttime="20210606 15:29:05.274" endtime="20210606 15:29:05.579"/>
</kw>
<kw name="Sleep" library="BuiltIn">
<arg>1</arg>
<doc>Pauses the test executed for the given time.</doc>
<msg timestamp="20210606 15:29:06.586" level="INFO">Slept 1 second</msg>
<status status="PASS" starttime="20210606 15:29:05.581" endtime="20210606 15:29:06.587"/>
</kw>
<kw name="Click Element" library="SeleniumLibrary">
<arg>id:cphMaster_cphMasterTemplate_btnNextStep</arg>
<doc>Click the element identified by ``locator``.</doc>
<msg timestamp="20210606 15:29:06.590" level="INFO">Clicking element 'id:cphMaster_cphMasterTemplate_btnNextStep'.</msg>
<status status="PASS" starttime="20210606 15:29:06.589" endtime="20210606 15:29:06.982"/>
</kw>
<kw name="Sleep" library="BuiltIn">
<arg>5</arg>
<doc>Pauses the test executed for the given time.</doc>
<msg timestamp="20210606 15:29:11.998" level="INFO">Slept 5 seconds</msg>
<status status="PASS" starttime="20210606 15:29:06.985" endtime="20210606 15:29:11.998"/>
</kw>
<kw name="Select From List By Value" library="SeleniumLibrary">
<arg>id:cphMaster_cphMasterTemplate_ddlColaboradores</arg>
<arg>3</arg>
<doc>Selects options from selection list ``locator`` by ``values``.</doc>
<msg timestamp="20210606 15:29:12.002" level="INFO">Selecting options from selection list 'id:cphMaster_cphMasterTemplate_ddlColaboradores' by value 3.</msg>
<status status="PASS" starttime="20210606 15:29:12.001" endtime="20210606 15:29:12.226"/>
</kw>
<kw name="Get Selected List Label" library="SeleniumLibrary">
<var>${selecionado}</var>
<arg>id:cphMaster_cphMasterTemplate_ddlColaboradores</arg>
<doc>Returns the label of selected option from selection list ``locator``.</doc>
<msg timestamp="20210606 15:29:12.471" level="INFO">${selecionado} = 3 a 4 pessoas</msg>
<status status="PASS" starttime="20210606 15:29:12.228" endtime="20210606 15:29:12.472"/>
</kw>
<kw name="Should Be Equal" library="BuiltIn">
<arg>${selecionado}</arg>
<arg>3 a 4 pessoas</arg>
<doc>Fails if the given objects are unequal.</doc>
<status status="PASS" starttime="20210606 15:29:12.473" endtime="20210606 15:29:12.474"/>
</kw>
<kw name="Sleep" library="BuiltIn">
<arg>1</arg>
<doc>Pauses the test executed for the given time.</doc>
<msg timestamp="20210606 15:29:13.491" level="INFO">Slept 1 second</msg>
<status status="PASS" starttime="20210606 15:29:12.475" endtime="20210606 15:29:13.492"/>
</kw>
<kw name="Input Text" library="SeleniumLibrary">
<arg>id:cphMaster_cphMasterTemplate_txtLoginCorretora</arg>
<arg>${empresafake}</arg>
<doc>Types the given ``text`` into the text field identified by ``locator``.</doc>
<msg timestamp="20210606 15:29:13.498" level="INFO">Typing text 'Noah Ramos' into text field 'id:cphMaster_cphMasterTemplate_txtLoginCorretora'.</msg>
<status status="PASS" starttime="20210606 15:29:13.495" endtime="20210606 15:29:13.700"/>
</kw>
<kw name="Sleep" library="BuiltIn">
<arg>1</arg>
<doc>Pauses the test executed for the given time.</doc>
<msg timestamp="20210606 15:29:14.716" level="INFO">Slept 1 second</msg>
<status status="PASS" starttime="20210606 15:29:13.700" endtime="20210606 15:29:14.716"/>
</kw>
<kw name="Input Text" library="SeleniumLibrary">
<arg>id:cphMaster_cphMasterTemplate_txtSenha</arg>
<arg>123456</arg>
<doc>Types the given ``text`` into the text field identified by ``locator``.</doc>
<msg timestamp="20210606 15:29:14.720" level="INFO">Typing text '123456' into text field 'id:cphMaster_cphMasterTemplate_txtSenha'.</msg>
<status status="PASS" starttime="20210606 15:29:14.718" endtime="20210606 15:29:15.005"/>
</kw>
<kw name="Sleep" library="BuiltIn">
<arg>1</arg>
<doc>Pauses the test executed for the given time.</doc>
<msg timestamp="20210606 15:29:16.020" level="INFO">Slept 1 second</msg>
<status status="PASS" starttime="20210606 15:29:15.007" endtime="20210606 15:29:16.021"/>
</kw>
<kw name="Click Element" library="SeleniumLibrary">
<arg>id:cphMaster_cphMasterTemplate_btnIniciarAvaliacao</arg>
<doc>Click the element identified by ``locator``.</doc>
<msg timestamp="20210606 15:29:16.023" level="INFO">Clicking element 'id:cphMaster_cphMasterTemplate_btnIniciarAvaliacao'.</msg>
<status status="PASS" starttime="20210606 15:29:16.022" endtime="20210606 15:29:16.346"/>
</kw>
<kw name="Sleep" library="BuiltIn">
<arg>45</arg>
<doc>Pauses the test executed for the given time.</doc>
<msg timestamp="20210606 15:30:01.368" level="INFO">Slept 45 seconds</msg>
<status status="PASS" starttime="20210606 15:29:16.348" endtime="20210606 15:30:01.369"/>
</kw>
<kw name="Click Element" library="SeleniumLibrary">
<arg>class:close</arg>
<doc>Click the element identified by ``locator``.</doc>
<msg timestamp="20210606 15:30:01.374" level="INFO">Clicking element 'class:close'.</msg>
<status status="PASS" starttime="20210606 15:30:01.373" endtime="20210606 15:30:01.669"/>
</kw>
<kw name="Sleep" library="BuiltIn">
<arg>3</arg>
<doc>Pauses the test executed for the given time.</doc>
<msg timestamp="20210606 15:30:04.674" level="INFO">Slept 3 seconds</msg>
<status status="PASS" starttime="20210606 15:30:01.670" endtime="20210606 15:30:04.675"/>
</kw>
<kw name="Page Should Contain" library="SeleniumLibrary">
<arg>Bem vindo ao Segfy!</arg>
<doc>Verifies that current page contains ``text``.</doc>
<msg timestamp="20210606 15:30:04.751" level="INFO">Current page contains text 'Bem vindo ao Segfy!'.</msg>
<status status="PASS" starttime="20210606 15:30:04.679" endtime="20210606 15:30:04.751"/>
</kw>
<kw name="Click Element" library="SeleniumLibrary">
<arg>class:link-assinar</arg>
<doc>Click the element identified by ``locator``.</doc>
<msg timestamp="20210606 15:30:04.755" level="INFO">Clicking element 'class:link-assinar'.</msg>
<status status="PASS" starttime="20210606 15:30:04.754" endtime="20210606 15:30:04.950"/>
</kw>
<kw name="Sleep" library="BuiltIn">
<arg>5</arg>
<doc>Pauses the test executed for the given time.</doc>
<msg timestamp="20210606 15:30:09.959" level="INFO">Slept 5 seconds</msg>
<status status="PASS" starttime="20210606 15:30:04.952" endtime="20210606 15:30:09.959"/>
</kw>
<kw name="Click Element" library="SeleniumLibrary">
<arg>//div[@class="col-sm-4"]//a[text()="Contratar agora!"]</arg>
<doc>Click the element identified by ``locator``.</doc>
<msg timestamp="20210606 15:30:09.963" level="INFO">Clicking element '//div[@class="col-sm-4"]//a[text()="Contratar agora!"]'.</msg>
<kw name="Capture Page Screenshot" library="SeleniumLibrary">
<doc>Takes a screenshot of the current page and embeds it into a log file.</doc>
<msg timestamp="20210606 15:30:10.330" level="INFO" html="true">&lt;/td&gt;&lt;/tr&gt;&lt;tr&gt;&lt;td colspan="3"&gt;&lt;a href="selenium-screenshot-2.png"&gt;&lt;img src="selenium-screenshot-2.png" width="800px"&gt;&lt;/a&gt;</msg>
<status status="PASS" starttime="20210606 15:30:10.017" endtime="20210606 15:30:10.331"/>
</kw>
<msg timestamp="20210606 15:30:10.343" level="FAIL">Element with locator '//div[@class="col-sm-4"]//a[text()="Contratar agora!"]' not found.</msg>
<status status="FAIL" starttime="20210606 15:30:09.961" endtime="20210606 15:30:10.343"/>
</kw>
<kw name="Sleep" library="BuiltIn">
<arg>5</arg>
<doc>Pauses the test executed for the given time.</doc>
<status status="NOT RUN" starttime="20210606 15:30:10.345" endtime="20210606 15:30:10.345"/>
</kw>
<kw name="Cpf" library="FakerLibrary">
<var>${cpffake}</var>
<status status="NOT RUN" starttime="20210606 15:30:10.346" endtime="20210606 15:30:10.346"/>
</kw>
<kw name="Input Text" library="SeleniumLibrary">
<arg>id:ContentPlaceHolderMaster_CphMasterAutenticado_informacoesCobranca_txtCpfCnpj</arg>
<arg>${cpffake}</arg>
<doc>Types the given ``text`` into the text field identified by ``locator``.</doc>
<status status="NOT RUN" starttime="20210606 15:30:10.347" endtime="20210606 15:30:10.347"/>
</kw>
<kw name="Sleep" library="BuiltIn">
<arg>1</arg>
<doc>Pauses the test executed for the given time.</doc>
<status status="NOT RUN" starttime="20210606 15:30:10.348" endtime="20210606 15:30:10.348"/>
</kw>
<kw name="Postcode" library="FakerLibrary">
<var>${cepfake}</var>
<doc>Randomly returns a postcode.
:param formatted: True to allow formatted postcodes, else False (default True)
:example formatted: '41224-212' '83992-291' '12324322'
:example raw: '43920231' '34239530'</doc>
<status status="NOT RUN" starttime="20210606 15:30:10.350" endtime="20210606 15:30:10.351"/>
</kw>
<kw name="Input Text" library="SeleniumLibrary">
<arg>id:ContentPlaceHolderMaster_CphMasterAutenticado_informacoesCobranca_txtCep</arg>
<arg>${cepfake}</arg>
<doc>Types the given ``text`` into the text field identified by ``locator``.</doc>
<status status="NOT RUN" starttime="20210606 15:30:10.352" endtime="20210606 15:30:10.353"/>
</kw>
<kw name="Sleep" library="BuiltIn">
<arg>1</arg>
<doc>Pauses the test executed for the given time.</doc>
<status status="NOT RUN" starttime="20210606 15:30:10.354" endtime="20210606 15:30:10.354"/>
</kw>
<kw name="Click Element" library="SeleniumLibrary">
<arg>id:ContentPlaceHolderMaster_CphMasterAutenticado_informacoesCobranca_txtEndereco</arg>
<doc>Click the element identified by ``locator``.</doc>
<status status="NOT RUN" starttime="20210606 15:30:10.356" endtime="20210606 15:30:10.356"/>
</kw>
<kw name="Sleep" library="BuiltIn">
<arg>5</arg>
<doc>Pauses the test executed for the given time.</doc>
<status status="NOT RUN" starttime="20210606 15:30:10.357" endtime="20210606 15:30:10.357"/>
</kw>
<kw name="Click Element" library="SeleniumLibrary">
<arg>id:ContentPlaceHolderMaster_CphMasterAutenticado_btnAssinar</arg>
<doc>Click the element identified by ``locator``.</doc>
<status status="NOT RUN" starttime="20210606 15:30:10.359" endtime="20210606 15:30:10.359"/>
</kw>
<kw name="Sleep" library="BuiltIn">
<arg>2</arg>
<doc>Pauses the test executed for the given time.</doc>
<status status="NOT RUN" starttime="20210606 15:30:10.360" endtime="20210606 15:30:10.360"/>
</kw>
<kw name="Page Should Not Contain" library="SeleniumLibrary">
<arg>Suas informações foram atualizadas</arg>
<doc>Verifies the current page does not contain ``text``.</doc>
<status status="NOT RUN" starttime="20210606 15:30:10.362" endtime="20210606 15:30:10.362"/>
</kw>
<kw name="Sleep" library="BuiltIn">
<arg>3</arg>
<doc>Pauses the test executed for the given time.</doc>
<status status="NOT RUN" starttime="20210606 15:30:10.364" endtime="20210606 15:30:10.365"/>
</kw>
<kw name="Encerra seção" library="base" type="TEARDOWN">
<kw name="Capture Page Screenshot" library="SeleniumLibrary">
<doc>Takes a screenshot of the current page and embeds it into a log file.</doc>
<msg timestamp="20210606 15:30:10.678" level="INFO" html="true">&lt;/td&gt;&lt;/tr&gt;&lt;tr&gt;&lt;td colspan="3"&gt;&lt;a href="selenium-screenshot-3.png"&gt;&lt;img src="selenium-screenshot-3.png" width="800px"&gt;&lt;/a&gt;</msg>
<status status="PASS" starttime="20210606 15:30:10.369" endtime="20210606 15:30:10.679"/>
</kw>
<kw name="Close Browser" library="SeleniumLibrary">
<doc>Closes the current browser.</doc>
<status status="PASS" starttime="20210606 15:30:10.679" endtime="20210606 15:30:13.491"/>
</kw>
<status status="PASS" starttime="20210606 15:30:10.367" endtime="20210606 15:30:13.492"/>
</kw>
<status status="FAIL" starttime="20210606 15:28:47.855" endtime="20210606 15:30:13.494">Element with locator '//div[@class="col-sm-4"]//a[text()="Contratar agora!"]' not found.</status>
</test>
<status status="FAIL" starttime="20210606 15:28:47.834" endtime="20210606 15:30:13.500"/>
</suite>
<status status="FAIL" starttime="20210606 15:27:27.000" endtime="20210606 15:30:13.510"/>
</suite>
<statistics>
<total>
<stat pass="1" fail="1" skip="0">All Tests</stat>
</total>
<tag>
</tag>
<suite>
<stat pass="1" fail="1" skip="0" id="s1" name="Tests">Tests</stat>
<stat pass="1" fail="0" skip="0" id="s1-s1" name="Cadastro Trial">Tests.Cadastro Trial</stat>
<stat pass="0" fail="1" skip="0" id="s1-s2" name="Compra Assinatura">Tests.Compra Assinatura</stat>
</suite>
</statistics>
<errors>
</errors>
</robot>
